SF:lib/controllers/form_controller.dart
DA:8,3
DA:12,1
DA:13,1
DA:14,1
DA:17,1
DA:18,3
DA:19,3
DA:23,1
DA:25,3
DA:26,1
DA:31,2
DA:34,0
DA:35,0
DA:36,0
DA:37,0
DA:41,0
DA:42,0
DA:45,0
DA:46,0
DA:47,0
DA:55,1
DA:57,3
DA:58,1
DA:59,1
DA:62,4
DA:63,1
DA:67,2
DA:71,1
DA:72,1
DA:73,3
DA:74,6
DA:79,3
DA:81,1
DA:82,3
DA:83,1
DA:87,1
DA:88,3
DA:89,1
DA:93,1
DA:94,2
DA:95,3
DA:96,1
DA:99,1
DA:100,3
DA:101,3
DA:103,2
DA:104,2
DA:105,1
DA:106,1
DA:109,1
DA:110,2
DA:112,3
DA:113,1
DA:117,1
DA:118,3
DA:119,3
DA:121,2
LF:57
LH:48
end_of_record
SF:lib/forms/array.dart
DA:20,1
DA:43,1
DA:44,0
DA:45,0
DA:46,0
DA:49,3
DA:52,0
DA:53,0
DA:57,0
DA:58,0
DA:61,0
DA:62,0
DA:64,0
DA:69,0
DA:70,0
DA:71,0
DA:74,0
DA:75,0
DA:78,0
DA:79,0
DA:80,0
DA:82,0
DA:83,0
DA:84,0
DA:85,0
DA:87,0
DA:88,0
DA:91,0
DA:92,0
DA:93,0
DA:94,0
DA:97,1
DA:98,3
DA:101,0
DA:103,1
DA:105,2
DA:108,0
DA:109,0
DA:112,0
DA:116,0
DA:119,0
DA:124,0
DA:125,0
DA:126,0
DA:131,0
DA:132,0
DA:137,0
DA:139,0
DA:140,0
DA:142,0
DA:144,0
DA:146,0
DA:149,1
DA:151,1
DA:154,0
DA:157,0
DA:162,0
DA:163,0
DA:167,0
DA:168,0
DA:170,0
DA:173,1
DA:175,2
DA:176,0
DA:178,3
DA:181,1
DA:183,1
DA:184,3
DA:187,0
DA:190,1
DA:193,0
DA:196,0
DA:198,0
DA:199,0
DA:201,0
DA:202,0
DA:203,0
DA:204,0
DA:206,0
DA:207,0
DA:208,0
DA:210,0
DA:212,0
DA:213,0
DA:214,0
DA:215,0
DA:217,0
DA:218,0
DA:220,0
DA:223,0
DA:230,0
DA:231,0
DA:232,0
DA:234,0
DA:235,0
DA:236,0
DA:237,0
DA:238,0
DA:240,0
DA:242,0
DA:243,0
DA:245,0
DA:246,0
DA:247,0
DA:248,0
DA:250,0
DA:251,0
DA:253,0
DA:255,0
DA:256,0
DA:263,0
DA:265,0
DA:272,0
DA:273,0
DA:274,0
DA:275,0
DA:276,0
DA:277,0
DA:279,0
DA:280,0
DA:282,0
DA:292,0
DA:293,0
DA:294,0
DA:297,0
DA:298,0
DA:299,0
DA:300,0
DA:301,0
DA:306,0
DA:307,0
DA:308,0
DA:309,0
DA:310,0
DA:312,0
DA:314,0
LF:136
LH:16
end_of_record
SF:lib/forms/boolean.dart
DA:9,1
DA:25,1
DA:29,2
DA:32,1
DA:34,2
DA:37,1
DA:39,1
DA:42,1
DA:44,1
DA:45,2
DA:48,1
DA:49,1
DA:51,1
DA:53,1
DA:54,2
DA:57,1
DA:59,2
DA:60,3
DA:63,0
DA:66,1
DA:69,0
DA:72,0
DA:74,0
DA:76,0
DA:77,0
DA:78,0
DA:79,0
DA:80,0
DA:81,0
DA:83,0
LF:30
LH:19
end_of_record
SF:lib/forms/checkbox.dart
DA:9,1
DA:25,1
DA:29,2
DA:32,1
DA:34,1
DA:37,1
DA:39,1
DA:42,1
DA:44,1
DA:45,2
DA:48,1
DA:49,1
DA:51,1
DA:53,1
DA:54,2
DA:57,1
DA:59,2
DA:60,3
DA:63,0
DA:66,1
DA:69,0
DA:72,0
DA:74,0
DA:77,0
DA:78,0
DA:79,0
DA:80,0
DA:81,0
DA:83,0
DA:88,0
DA:89,0
DA:90,0
DA:91,0
DA:92,0
DA:93,0
LF:35
LH:19
end_of_record
SF:lib/forms/date.dart
DA:14,1
DA:27,1
DA:28,1
DA:29,1
DA:31,1
DA:32,1
DA:34,1
DA:35,1
DA:41,0
DA:43,0
DA:44,0
DA:46,0
DA:47,0
DA:48,0
DA:49,0
DA:50,0
DA:51,0
DA:52,0
DA:53,0
DA:55,0
DA:63,0
DA:67,1
DA:74,1
DA:75,2
DA:78,1
DA:84,1
DA:86,1
DA:87,1
DA:88,4
DA:89,4
DA:90,1
LF:31
LH:18
end_of_record
SF:lib/forms/dropdown.dart
DA:17,1
DA:37,1
DA:38,2
DA:39,3
DA:40,0
DA:41,0
DA:43,0
DA:44,0
DA:45,0
DA:46,0
DA:51,0
DA:52,0
DA:53,0
DA:56,1
DA:58,2
DA:61,1
DA:63,1
DA:66,1
DA:68,1
DA:69,1
DA:72,1
DA:73,1
DA:75,1
DA:77,1
DA:78,2
DA:81,1
DA:83,2
DA:84,3
DA:87,0
DA:90,1
DA:93,0
DA:96,0
DA:98,0
DA:99,0
DA:100,0
DA:102,0
DA:103,0
DA:104,0
DA:105,0
DA:110,0
DA:112,0
DA:113,0
DA:114,0
DA:115,0
DA:116,0
DA:117,0
DA:120,0
DA:121,0
DA:122,0
DA:124,0
DA:133,0
DA:134,0
DA:135,0
DA:136,0
DA:140,0
DA:141,0
DA:146,0
DA:147,0
DA:148,0
DA:150,0
DA:151,0
DA:152,0
DA:153,0
DA:154,0
DA:155,0
DA:156,0
DA:158,0
DA:162,0
DA:164,0
DA:165,0
DA:166,0
DA:167,0
LF:72
LH:20
end_of_record
SF:lib/forms/email.dart
DA:12,1
DA:25,1
DA:26,1
DA:30,1
DA:32,4
DA:35,1
DA:37,1
LF:7
LH:7
end_of_record
SF:lib/forms/multiline.dart
DA:18,1
DA:40,1
DA:41,3
DA:42,2
DA:43,4
DA:46,1
DA:51,1
DA:53,0
DA:56,1
DA:58,1
DA:59,1
DA:62,1
DA:64,1
DA:65,0
DA:66,0
DA:67,0
DA:70,1
DA:72,2
DA:73,1
DA:76,1
DA:78,2
DA:81,1
DA:83,2
DA:84,3
DA:87,1
DA:89,3
DA:90,4
DA:93,0
DA:96,0
DA:98,0
DA:99,0
DA:100,0
DA:101,0
DA:102,0
DA:103,0
DA:104,0
DA:105,0
DA:106,0
DA:107,0
DA:108,0
DA:109,0
DA:110,0
DA:111,0
LF:43
LH:23
end_of_record
SF:lib/forms/multiselect.dart
DA:20,1
DA:40,1
DA:41,1
DA:42,1
DA:43,2
DA:44,3
DA:45,0
DA:46,0
DA:47,0
DA:51,0
DA:52,0
DA:55,1
DA:57,3
DA:60,1
DA:62,1
DA:65,1
DA:67,1
DA:68,2
DA:71,1
DA:72,1
DA:74,1
DA:76,2
DA:77,3
DA:80,1
DA:82,3
DA:83,4
DA:86,0
DA:89,1
DA:92,0
DA:95,0
DA:97,0
DA:98,0
DA:99,0
DA:100,0
DA:101,0
DA:103,0
DA:104,0
DA:105,0
DA:106,0
DA:107,0
DA:109,0
DA:110,0
DA:111,0
DA:113,0
DA:122,0
DA:123,0
DA:125,0
DA:126,0
DA:127,0
DA:128,0
DA:129,0
DA:130,0
DA:132,0
DA:133,0
DA:134,0
DA:137,0
DA:138,0
DA:141,0
DA:142,0
DA:144,0
DA:145,0
DA:149,0
DA:153,0
DA:158,0
DA:159,0
DA:161,0
DA:162,0
DA:163,0
DA:164,0
DA:165,0
DA:166,0
DA:167,0
DA:168,0
DA:170,0
DA:171,0
DA:172,0
DA:173,0
DA:175,0
DA:183,0
DA:185,0
LF:80
LH:22
end_of_record
SF:lib/forms/nested.dart
DA:17,1
DA:37,1
DA:38,1
DA:39,4
DA:40,4
DA:41,1
DA:44,1
DA:45,4
DA:46,3
DA:50,1
DA:51,2
DA:52,2
DA:53,1
DA:56,2
DA:58,1
DA:60,1
DA:63,1
DA:67,2
DA:68,3
DA:69,1
DA:70,0
DA:75,1
DA:77,1
DA:78,1
DA:80,3
DA:82,2
DA:84,2
DA:87,1
DA:89,2
DA:92,0
DA:95,0
DA:96,0
DA:98,0
DA:101,0
DA:104,1
DA:106,2
DA:107,3
DA:110,1
DA:112,2
DA:113,4
DA:116,0
DA:119,1
DA:122,0
DA:125,0
DA:127,0
DA:128,0
DA:130,0
DA:131,0
DA:132,0
DA:133,0
DA:134,0
DA:135,0
DA:137,0
DA:139,0
DA:145,0
DA:146,0
DA:147,0
DA:150,0
DA:151,0
DA:152,0
DA:153,0
DA:154,0
DA:159,0
DA:160,0
DA:161,0
DA:162,0
DA:164,0
LF:67
LH:35
end_of_record
SF:lib/forms/numeric.dart
DA:12,1
DA:25,1
DA:26,1
DA:27,1
DA:28,2
DA:29,1
DA:30,0
DA:31,0
DA:33,0
DA:39,1
DA:41,3
DA:44,1
DA:46,2
DA:49,0
DA:51,0
DA:52,0
DA:53,0
DA:56,0
DA:57,0
DA:65,0
DA:66,0
DA:69,0
DA:71,0
DA:72,0
DA:73,0
DA:74,0
DA:75,0
DA:80,0
DA:81,0
DA:84,0
DA:86,0
DA:87,0
DA:88,0
DA:89,0
DA:90,0
DA:103,1
DA:116,1
DA:117,1
DA:118,1
DA:119,2
DA:120,1
DA:121,0
DA:122,0
DA:124,0
DA:130,1
DA:132,3
DA:135,1
DA:137,1
DA:138,1
DA:139,0
LF:50
LH:21
end_of_record
SF:lib/forms/password.dart
DA:13,1
DA:26,1
DA:27,1
DA:28,1
DA:33,1
DA:35,4
DA:38,0
DA:40,0
DA:42,0
DA:43,0
DA:48,0
DA:50,0
DA:52,0
DA:53,0
DA:54,0
DA:56,0
DA:59,0
DA:65,1
DA:67,1
LF:19
LH:8
end_of_record
SF:lib/forms/radio.dart
DA:16,1
DA:36,1
DA:37,2
DA:38,3
DA:39,0
DA:40,0
DA:42,0
DA:43,0
DA:44,0
DA:45,0
DA:50,0
DA:51,0
DA:52,0
DA:55,1
DA:57,2
DA:61,1
DA:63,1
DA:64,1
DA:67,1
DA:68,1
DA:70,1
DA:72,1
DA:73,2
DA:76,1
DA:78,2
DA:79,3
DA:82,0
DA:85,1
DA:88,0
DA:91,0
DA:93,0
DA:94,0
DA:95,0
DA:96,0
DA:97,0
DA:99,0
DA:100,0
DA:101,0
DA:102,0
DA:108,0
DA:109,0
DA:110,0
DA:111,0
DA:113,0
DA:114,0
DA:115,0
DA:116,0
DA:117,0
DA:119,0
DA:122,0
LF:50
LH:18
end_of_record
SF:lib/forms/text.dart
DA:24,1
DA:46,1
DA:47,1
DA:48,1
DA:49,1
DA:51,3
DA:52,2
DA:53,2
DA:54,3
DA:57,0
DA:58,0
DA:60,1
DA:65,1
DA:67,0
DA:70,0
DA:72,0
DA:73,0
DA:75,0
DA:77,0
DA:79,0
DA:80,0
DA:83,1
DA:85,1
DA:86,1
DA:87,5
DA:88,1
DA:91,1
DA:93,2
DA:96,1
DA:98,2
DA:101,1
DA:103,2
DA:104,3
DA:107,1
DA:109,3
DA:110,4
DA:113,0
DA:116,1
DA:121,0
DA:123,0
DA:124,0
DA:125,0
DA:126,0
DA:127,0
DA:128,0
DA:129,0
DA:133,0
DA:134,0
DA:135,0
DA:137,0
DA:144,0
DA:146,0
DA:147,0
DA:148,0
DA:149,0
DA:150,0
DA:151,0
DA:152,0
DA:153,0
DA:154,0
DA:155,0
DA:156,0
DA:157,0
DA:158,0
DA:160,0
DA:161,0
DA:162,0
DA:164,0
DA:165,0
DA:166,0
DA:170,0
LF:71
LH:27
end_of_record
SF:lib/models/dropdown_item.dart
DA:6,1
LF:1
LH:1
end_of_record
SF:lib/models/iform.dart
DA:19,1
DA:20,2
DA:34,0
DA:36,1
LF:4
LH:3
end_of_record
SF:lib/forms/base_form.dart
DA:11,1
DA:26,1
DA:27,1
DA:28,1
DA:29,1
DA:31,3
DA:34,1
DA:36,1
DA:37,1
DA:39,3
DA:41,2
DA:43,3
DA:46,1
DA:48,1
DA:51,0
DA:53,0
DA:55,0
DA:57,0
DA:58,0
DA:59,0
DA:60,0
DA:61,0
DA:62,0
DA:64,0
LF:24
LH:14
end_of_record
SF:lib/ui/delegate.dart
DA:18,0
DA:19,0
DA:20,0
DA:21,0
DA:22,0
LF:5
LH:0
end_of_record
SF:lib/ui/layout_simple.dart
DA:8,0
DA:14,0
DA:16,0
DA:17,0
DA:18,0
DA:20,0
DA:22,0
LF:7
LH:0
end_of_record
SF:lib/ui/components.dart
DA:7,0
DA:8,0
DA:9,0
DA:12,0
DA:13,0
DA:14,0
DA:15,0
DA:17,0
DA:24,0
DA:25,0
DA:26,0
DA:31,0
DA:32,0
DA:33,0
DA:35,0
DA:36,0
DA:37,0
DA:38,0
DA:39,0
DA:40,0
DA:41,0
DA:43,0
DA:44,0
DA:45,0
DA:47,0
DA:48,0
DA:49,0
DA:52,0
DA:53,0
DA:54,0
DA:56,0
DA:57,0
DA:58,0
DA:60,0
DA:61,0
DA:62,0
LF:36
LH:0
end_of_record
